INFO 2025-10-10 18:37:33,386 Fetching all items from the database
DEBUG 2025-10-10 18:37:33,388 Found 19 Items
INFO 2025-10-10 18:41:19,592 Fetching details of item with id: 45
DEBUG 2025-10-10 18:41:19,594 Fetched details of item with id: 45
INFO 2025-10-10 18:41:35,754 Fetching details of item with id: 100
ERROR 2025-10-10 18:41:35,756 Error fetching the item with id: 100
ERROR 2025-10-10 18:41:35,821 Internal Server Error: /myapp/100
Traceback (most recent call last):
  File "C:\Users\Muhammad\Desktop\Food-Menu-App\mysite\venv\Lib\site-packages\django\core\handlers\exception.py", line 55, in inner
    response = get_response(request)
               ^^^^^^^^^^^^^^^^^^^^^
  File "C:\Users\Muhammad\Desktop\Food-Menu-App\mysite\venv\Lib\site-packages\django\core\handlers\base.py", line 197, in _get_response
    response = wrapped_callback(request, *callback_args, **callback_kwargs)
               ^^^^^^^^^^^^^^^^^^^^^^^^^^^^^^^^^^^^^^^^^^^^^^^^^^^^^^^^^^^^
  File "C:\Users\Muhammad\Desktop\Food-Menu-App\mysite\venv\Lib\site-packages\django\contrib\auth\decorators.py", line 59, in _view_wrapper
    return view_func(request, *args, **kwargs)
           ^^^^^^^^^^^^^^^^^^^^^^^^^^^^^^^^^^^
  File "C:\Users\Muhammad\Desktop\Food-Menu-App\mysite\myapp\views.py", line 44, in detail
    item = Item.objects.get(id=id)
           ^^^^^^^^^^^^^^^^^^^^^^^
  File "C:\Users\Muhammad\Desktop\Food-Menu-App\mysite\venv\Lib\site-packages\django\db\models\manager.py", line 87, in manager_method
    return getattr(self.get_queryset(), name)(*args, **kwargs)
           ^^^^^^^^^^^^^^^^^^^^^^^^^^^^^^^^^^^^^^^^^^^^^^^^^^^
  File "C:\Users\Muhammad\Desktop\Food-Menu-App\mysite\venv\Lib\site-packages\django\db\models\query.py", line 633, in get
    raise self.model.DoesNotExist(
myapp.models.Item.DoesNotExist: Item matching query does not exist.
ERROR 2025-10-10 18:41:35,823 "GET /myapp/100 HTTP/1.1" 500 88420
INFO 2025-10-10 18:47:57,179 Fetching details of item with id: 100
ERROR 2025-10-10 18:47:57,179 Error fetching the item with id: 100
ERROR 2025-10-10 18:47:57,197 Internal Server Error: /myapp/100
Traceback (most recent call last):
  File "C:\Users\Muhammad\Desktop\Food-Menu-App\mysite\venv\Lib\site-packages\django\core\handlers\exception.py", line 55, in inner
    response = get_response(request)
               ^^^^^^^^^^^^^^^^^^^^^
  File "C:\Users\Muhammad\Desktop\Food-Menu-App\mysite\venv\Lib\site-packages\django\core\handlers\base.py", line 197, in _get_response
    response = wrapped_callback(request, *callback_args, **callback_kwargs)
               ^^^^^^^^^^^^^^^^^^^^^^^^^^^^^^^^^^^^^^^^^^^^^^^^^^^^^^^^^^^^
  File "C:\Users\Muhammad\Desktop\Food-Menu-App\mysite\venv\Lib\site-packages\django\contrib\auth\decorators.py", line 59, in _view_wrapper
    return view_func(request, *args, **kwargs)
           ^^^^^^^^^^^^^^^^^^^^^^^^^^^^^^^^^^^
  File "C:\Users\Muhammad\Desktop\Food-Menu-App\mysite\myapp\views.py", line 44, in detail
    item = get_object_or_404(id=id)
           ^^^^^^^^^^^^^^^^^^^^^^^^
TypeError: get_object_or_404() missing 1 required positional argument: 'klass'
ERROR 2025-10-10 18:47:57,198 "GET /myapp/100 HTTP/1.1" 500 79407
INFO 2025-10-10 18:48:19,156 Fetching details of item with id: 45
ERROR 2025-10-10 18:48:19,156 Error fetching the item with id: 45
ERROR 2025-10-10 18:48:19,169 Internal Server Error: /myapp/45
Traceback (most recent call last):
  File "C:\Users\Muhammad\Desktop\Food-Menu-App\mysite\venv\Lib\site-packages\django\core\handlers\exception.py", line 55, in inner
    response = get_response(request)
               ^^^^^^^^^^^^^^^^^^^^^
  File "C:\Users\Muhammad\Desktop\Food-Menu-App\mysite\venv\Lib\site-packages\django\core\handlers\base.py", line 197, in _get_response
    response = wrapped_callback(request, *callback_args, **callback_kwargs)
               ^^^^^^^^^^^^^^^^^^^^^^^^^^^^^^^^^^^^^^^^^^^^^^^^^^^^^^^^^^^^
  File "C:\Users\Muhammad\Desktop\Food-Menu-App\mysite\venv\Lib\site-packages\django\contrib\auth\decorators.py", line 59, in _view_wrapper
    return view_func(request, *args, **kwargs)
           ^^^^^^^^^^^^^^^^^^^^^^^^^^^^^^^^^^^
  File "C:\Users\Muhammad\Desktop\Food-Menu-App\mysite\myapp\views.py", line 44, in detail
    item = get_object_or_404(id=id)
           ^^^^^^^^^^^^^^^^^^^^^^^^
TypeError: get_object_or_404() missing 1 required positional argument: 'klass'
ERROR 2025-10-10 18:48:19,170 "GET /myapp/45 HTTP/1.1" 500 79256
INFO 2025-10-10 18:48:55,626 Fetching details of item with id: 45
DEBUG 2025-10-10 18:48:55,628 Fetched details of item with id: 45
INFO 2025-10-10 18:49:00,485 Fetching details of item with id: 100
ERROR 2025-10-10 18:49:00,487 Error fetching the item with id: 100
INFO 2025-10-10 19:37:24,761 Fetching details of item with id: 100
ERROR 2025-10-10 19:37:24,764 Error fetching the item with id: 100, No Item matches the given query.
